<?xml version="1.0" encoding="UTF-8"?>
<testsuite xmlns:xsi="http://www.w3.org/2001/XMLSchema-instance" xsi:noNamespaceSchemaLocation="https://maven.apache.org/surefire/maven-surefire-plugin/xsd/surefire-test-report-3.0.xsd" version="3.0" name="com.simplilearn.workshop.JenkinsJUnitTest" time="21.881" tests="3" errors="1" skipped="1" failures="0">
  <properties>
[...]
</properties>
  <testcase name="testCaseFailed" classname="com.simplilearn.workshop.JenkinsJUnitTest" time="16.138">
    <error message="Unable to locate element: //form[@id=&apos;failed case&apos;]&#10;For documentation on this error, please visit: http://seleniumhq.org/exceptions/no_such_element.html&#10;Build info: version: &apos;3.10.0&apos;, revision: &apos;176b4a9&apos;, time: &apos;2018-03-02T19:03:16.397Z&apos;&#10;System info: host: &apos;ubuntu1804&apos;, ip: &apos;172.17.0.31&apos;, os.name: &apos;Linux&apos;, os.arch: &apos;amd64&apos;, os.version: &apos;4.4.0-139-generic&apos;, java.version: &apos;1.8.0_265&apos;&#10;Driver info: org.openqa.selenium.firefox.FirefoxDriver&#10;Capabilities {acceptInsecureCerts: true, browserName: firefox, browserVersion: 74.0, javascriptEnabled: true, moz:accessibilityChecks: false, moz:buildID: 20200309095159, moz:geckodriverVersion: 0.27.0, moz:headless: true, moz:processID: 14135, moz:profile: /tmp/rust_mozprofileI1AYiW, moz:shutdownTimeout: 60000, moz:useNonSpecCompliantPointerOrigin: false, moz:webdriverClick: true, pageLoadStrategy: normal, platform: LINUX, platformName: LINUX, platformVersion: 4.4.0-139-generic, rotatable: false, setWindowRect: true, strictFileInteractability: false, timeouts: {implicit: 0, pageLoad: 300000, script: 30000}, unhandledPromptBehavior: dismiss and notify}&#10;Session ID: 1c60c74e-5230-4bbc-b911-51395fbf383a&#10;*** Element info: {Using=xpath, value=//form[@id=&apos;failed case&apos;]}" type="org.openqa.selenium.NoSuchElementException"><![CDATA[org.openqa.selenium.NoSuchElementException: 
Unable to locate element: //form[@id='failed case']
For documentation on this error, please visit: http://seleniumhq.org/exceptions/no_such_element.html
Build info: version: '3.10.0', revision: '176b4a9', time: '2018-03-02T19:03:16.397Z'
System info: host: 'ubuntu1804', ip: '172.17.0.31', os.name: 'Linux', os.arch: 'amd64', os.version: '4.4.0-139-generic', java.version: '1.8.0_265'
Driver info: org.openqa.selenium.firefox.FirefoxDriver
Capabilities {acceptInsecureCerts: true, browserName: firefox, browserVersion: 74.0, javascriptEnabled: true, moz:accessibilityChecks: false, moz:buildID: 20200309095159, moz:geckodriverVersion: 0.27.0, moz:headless: true, moz:processID: 14135, moz:profile: /tmp/rust_mozprofileI1AYiW, moz:shutdownTimeout: 60000, moz:useNonSpecCompliantPointerOrigin: false, moz:webdriverClick: true, pageLoadStrategy: normal, platform: LINUX, platformName: LINUX, platformVersion: 4.4.0-139-generic, rotatable: false, setWindowRect: true, strictFileInteractability: false, timeouts: {implicit: 0, pageLoad: 300000, script: 30000}, unhandledPromptBehavior: dismiss and notify}
Session ID: 1c60c74e-5230-4bbc-b911-51395fbf383a
*** Element info: {Using=xpath, value=//form[@id='failed case']}
	at com.simplilearn.workshop.JenkinsJUnitTest.testCaseFailed(JenkinsJUnitTest.java:51)
]]></error>
    <system-err><![CDATA[1603468532906	geckodriver	INFO	Listening on 127.0.0.1:20388
1603468533069	mozrunner::runner	INFO	Running command: "/usr/lib/firefox/firefox" "--marionette" "--headless" "-foreground" "-no-remote" "-profile" "/tmp/rust_mozprofileI1AYiW"
*** You are running in headless mode.
1603468533369	addons.webextension.doh-rollout@mozilla.org	WARN	Loading extension 'doh-rollout@mozilla.org': Reading manifest: Invalid extension permission: networkStatus
1603468533777	addons.webextension.screenshots@mozilla.org	WARN	Loading extension 'screenshots@mozilla.org': Reading manifest: Invalid extension permission: mozillaAddons
1603468533777	addons.webextension.screenshots@mozilla.org	WARN	Loading extension 'screenshots@mozilla.org': Reading manifest: Invalid extension permission: telemetry
1603468533777	addons.webextension.screenshots@mozilla.org	WARN	Loading extension 'screenshots@mozilla.org': Reading manifest: Invalid extension permission: resource://pdf.js/
1603468533778	addons.webextension.screenshots@mozilla.org	WARN	Loading extension 'screenshots@mozilla.org': Reading manifest: Invalid extension permission: about:reader*
1603468535182	Marionette	INFO	Listening on port 39775
1603468535278	Marionette	WARN	TLS certificate errors will be ignored for this session
Oct 23, 2020 3:55:35 PM org.openqa.selenium.remote.ProtocolHandshake createSession
INFO: Detected dialect: W3C
JavaScript warning: https://static.xx.fbcdn.net/rsrc.php/v3iqES4/yC/l/en_US/9uUhEN-sUI-.js?_nc_x=Ij3Wp8lg5Kz, line 18: Error: WebGL warning: <Create>: Can't use WebGL in headless mode (https://bugzil.la/1375585).
JavaScript warning: https://static.xx.fbcdn.net/rsrc.php/v3iqES4/yC/l/en_US/9uUhEN-sUI-.js?_nc_x=Ij3Wp8lg5Kz, line 18: Error: Failed to create WebGL context: WebGL creation failed: 
* Can't use WebGL in headless mode (https://bugzil.la/1375585).
JavaScript warning: https://static.xx.fbcdn.net/rsrc.php/v3iqES4/yC/l/en_US/9uUhEN-sUI-.js?_nc_x=Ij3Wp8lg5Kz, line 18: Error: WebGL warning: <Create>: Can't use WebGL in headless mode (https://bugzil.la/1375585).
JavaScript warning: https://static.xx.fbcdn.net/rsrc.php/v3iqES4/yC/l/en_US/9uUhEN-sUI-.js?_nc_x=Ij3Wp8lg5Kz, line 18: Error: Failed to create WebGL context: WebGL creation failed: 
* Can't use WebGL in headless mode (https://bugzil.la/1375585).
1603468546801	Marionette	INFO	Stopped listening on port 39775
]]></system-err>
  </testcase>
  <testcase name="testCasePassed" classname="com.simplilearn.workshop.JenkinsJUnitTest" time="5.705"/>
  <testcase name="testCaseIgnored" classname="com.simplilearn.workshop.JenkinsJUnitTest" time="0">
    <skipped/>
  </testcase>
</testsuite>